New user created: adminuser (admin)
Failed to send welcome email to admin@test.com: 'Settings' object has no attribute 'FRONTEND_URL'
Failed to log user activity: no such table: audit_auditlog
New user created: testuser (coordinator)
Failed to log user activity: no such table: audit_auditlog
New user created: testuser (coordinator)
Failed to send welcome email to test@test.com: 'Settings' object has no attribute 'FRONTEND_URL'
Failed to log user activity: no such table: audit_auditlog
New user created: testuser (coordinator)
Failed to send welcome email to test@test.com: 'Settings' object has no attribute 'FRONTEND_URL'
Failed to log user activity: no such table: audit_auditlog
New user created: adminuser (admin)
Welcome email sent to admin@test.com
New user created: testuser (coordinator)
New user created: testuser (coordinator)
Welcome email sent to test@test.com
New user created: testuser (coordinator)
Welcome email sent to test@test.com
Welcome email sent to test@test.com
New user created: adminuser (admin)
Welcome email sent to admin@test.com
New user created: testuser (coordinator)
New user created: testuser (coordinator)
Welcome email sent to test@test.com
New user created: testuser (coordinator)
Welcome email disabled for test@test.com
Welcome email sent to test@test.com
New user created: coordinator (coordinator)
New user created: adminuser (admin)
Welcome email sent to admin@test.com
New user created: testuser (coordinator)
New user created: testuser (coordinator)
Welcome email sent to test@test.com
New user created: testuser (coordinator)
Welcome email disabled for test@test.com
Welcome email sent to test@test.com
New user created: coordinator (coordinator)
New user created: coordinator (coordinator)
Welcome email sent to coordinator@test.com
New user created: admin (admin)
Welcome email sent to admin@test.com
New user created: coordinator (coordinator)
Welcome email sent to coordinator@test.com
New user created: admin (admin)
Welcome email sent to admin@test.com
New user created: coordinator (coordinator)
Welcome email sent to coordinator@test.com
New user created: admin (admin)
Welcome email sent to admin@test.com
New user created: coordinator (coordinator)
Welcome email sent to coordinator@test.com
New user created: admin (admin)
Welcome email sent to admin@test.com
New user created: coordinator (coordinator)
Welcome email sent to coordinator@test.com
New user created: coordinator (coordinator)
Welcome email sent to coordinator@test.com
New user created: coordinator (coordinator)
Welcome email sent to coordinator@test.com
New user created: admin (admin)
Welcome email sent to admin@test.com
New user created: coordinator (coordinator)
Welcome email sent to coordinator@test.com
New user created: admin (admin)
Welcome email sent to admin@test.com
New user created: coordinator (coordinator)
Welcome email sent to coordinator@test.com
New user created: admin (admin)
Welcome email sent to admin@test.com
New user created: coordinator (coordinator)
Welcome email sent to coordinator@test.com
New user created: admin (admin)
Welcome email sent to admin@test.com
New user created: coordinator (coordinator)
Welcome email sent to coordinator@test.com
New user created: admin (admin)
Welcome email sent to admin@test.com
New user created: coordinator (coordinator)
Welcome email sent to coordinator@test.com
New user created: coordinator (coordinator)
Welcome email sent to coordinator@test.com
New user created: coordinator (coordinator)
Welcome email sent to coordinator@test.com
New user created: coordinator (coordinator)
Welcome email sent to coordinator@test.com
New user created: admin (admin)
Welcome email sent to admin@test.com
New user created: coordinator (coordinator)
Welcome email sent to coordinator@test.com
New user created: other_coordinator (coordinator)
Welcome email sent to other@test.com
New user created: admin (admin)
Welcome email sent to admin@test.com
New user created: coordinator (coordinator)
Welcome email sent to coordinator@test.com
New user created: other_coordinator (coordinator)
Welcome email sent to other@test.com
New user created: admin (admin)
Welcome email sent to admin@test.com
New user created: coordinator (coordinator)
Welcome email sent to coordinator@test.com
New user created: other_coordinator (coordinator)
Welcome email sent to other@test.com
New user created: admin (admin)
Welcome email sent to admin@test.com
New user created: coordinator (coordinator)
Welcome email sent to coordinator@test.com
New user created: other_coordinator (coordinator)
Welcome email sent to other@test.com
New user created: admin (admin)
Welcome email sent to admin@test.com
New user created: coordinator (coordinator)
Welcome email sent to coordinator@test.com
New user created: other_coordinator (coordinator)
Welcome email sent to other@test.com
New user created: admin (admin)
Welcome email sent to admin@test.com
New user created: coordinator (coordinator)
Welcome email sent to coordinator@test.com
New user created: other_coordinator (coordinator)
Welcome email sent to other@test.com
New user created: admin (admin)
Welcome email sent to admin@test.com
New user created: coordinator (coordinator)
Welcome email sent to coordinator@test.com
New user created: other_coordinator (coordinator)
Welcome email sent to other@test.com
New user created: admin (admin)
Welcome email sent to admin@test.com
New user created: coordinator (coordinator)
Welcome email sent to coordinator@test.com
New user created: other_coordinator (coordinator)
Welcome email sent to other@test.com
New user created: admin (admin)
Welcome email sent to admin@test.com
New user created: coordinator (coordinator)
Welcome email sent to coordinator@test.com
New user created: other_coordinator (coordinator)
Welcome email sent to other@test.com
New user created: admin (admin)
Welcome email sent to admin@test.com
New user created: coordinator (coordinator)
Welcome email sent to coordinator@test.com
New user created: other_coordinator (coordinator)
Welcome email sent to other@test.com
New user created: admin (admin)
Welcome email sent to admin@test.com
New user created: coordinator (coordinator)
Welcome email sent to coordinator@test.com
New user created: other_coordinator (coordinator)
Welcome email sent to other@test.com
New user created: admin (admin)
Welcome email sent to admin@test.com
New user created: coordinator (coordinator)
Welcome email sent to coordinator@test.com
New user created: other_coordinator (coordinator)
Welcome email sent to other@test.com
New user created: admin (admin)
Welcome email sent to admin@test.com
New user created: coordinator (coordinator)
Welcome email sent to coordinator@test.com
New user created: admin (admin)
Welcome email sent to admin@test.com
New user created: coordinator (coordinator)
Welcome email sent to coordinator@test.com
New user created: admin (admin)
Welcome email sent to admin@test.com
New user created: coordinator (coordinator)
Welcome email sent to coordinator@test.com
New user created: admin (admin)
Welcome email sent to admin@test.com
New user created: coordinator (coordinator)
Welcome email sent to coordinator@test.com
New user created: admin (admin)
Welcome email sent to admin@test.com
New user created: coordinator (coordinator)
Welcome email sent to coordinator@test.com
New user created: admin (admin)
Welcome email sent to admin@test.com
New user created: coordinator (coordinator)
Welcome email sent to coordinator@test.com
New user created: coordinator (coordinator)
Welcome email sent to coordinator@test.com
New user created: admin (admin)
Welcome email sent to admin@test.com
New user created: coordinator (coordinator)
Welcome email sent to coordinator@test.com
New user created: admin (admin)
Welcome email sent to admin@test.com
New user created: coordinator (coordinator)
Welcome email sent to coordinator@test.com
New user created: admin (admin)
Welcome email sent to admin@test.com
New user created: admin (admin)
Welcome email sent to admin@test.com
New user created: coordinator (coordinator)
Welcome email sent to coordinator@test.com
New user created: admin (admin)
Welcome email sent to admin@test.com
New user created: coordinator (coordinator)
Welcome email sent to coordinator@test.com
New user created: admin (admin)
Welcome email sent to admin@test.com
New user created: coordinator (coordinator)
Welcome email sent to coordinator@test.com
New user created: admin (admin)
Welcome email sent to admin@test.com
New user created: coordinator (coordinator)
Welcome email sent to coordinator@test.com
New user created: admin (admin)
Welcome email sent to admin@test.com
New user created: coordinator (coordinator)
Welcome email sent to coordinator@test.com
New user created: admin (admin)
Welcome email sent to admin@test.com
New user created: coordinator (coordinator)
Welcome email sent to coordinator@test.com
New user created: coordinator (coordinator)
Welcome email sent to coordinator@test.com
New user created: admin (admin)
Welcome email sent to admin@test.com
New user created: coordinator (coordinator)
Welcome email sent to coordinator@test.com
New user created: admin (admin)
Welcome email sent to admin@test.com
New user created: coordinator (coordinator)
Welcome email sent to coordinator@test.com
New user created: admin (admin)
Welcome email sent to admin@test.com
New user created: coordinator (coordinator)
Welcome email sent to coordinator@test.com
New user created: coordinator (coordinator)
Welcome email sent to coordinator@test.com
New user created: coordinator (coordinator)
Welcome email sent to coordinator@test.com
New user created: admin (admin)
Welcome email sent to admin@test.com
New user created: coordinator (coordinator)
Welcome email sent to coordinator@test.com
New user created: admin (admin)
Welcome email sent to admin@test.com
New user created: coordinator (coordinator)
Welcome email sent to coordinator@test.com
New user created: admin (admin)
Welcome email sent to admin@test.com
New user created: coordinator (coordinator)
Welcome email sent to coordinator@test.com
New user created: other_coordinator (coordinator)
Welcome email sent to other@test.com
New user created: admin (admin)
Welcome email sent to admin@test.com
New user created: coordinator (coordinator)
Welcome email sent to coordinator@test.com
New user created: other_coordinator (coordinator)
Welcome email sent to other@test.com
New user created: admin (admin)
Welcome email sent to admin@test.com
New user created: coordinator (coordinator)
Welcome email sent to coordinator@test.com
New user created: other_coordinator (coordinator)
Welcome email sent to other@test.com
New user created: admin (admin)
Welcome email sent to admin@test.com
New user created: coordinator (coordinator)
Welcome email sent to coordinator@test.com
New user created: other_coordinator (coordinator)
Welcome email sent to other@test.com
New user created: admin (admin)
Welcome email sent to admin@test.com
New user created: coordinator (coordinator)
Welcome email sent to coordinator@test.com
New user created: other_coordinator (coordinator)
Welcome email sent to other@test.com
New user created: admin (admin)
Welcome email sent to admin@test.com
New user created: coordinator (coordinator)
Welcome email sent to coordinator@test.com
New user created: other_coordinator (coordinator)
Welcome email sent to other@test.com
New user created: admin (admin)
Welcome email sent to admin@test.com
New user created: coordinator (coordinator)
Welcome email sent to coordinator@test.com
New user created: other_coordinator (coordinator)
Welcome email sent to other@test.com
New user created: admin (admin)
Welcome email sent to admin@test.com
New user created: coordinator (coordinator)
Welcome email sent to coordinator@test.com
New user created: other_coordinator (coordinator)
Welcome email sent to other@test.com
New user created: admin (admin)
Welcome email sent to admin@test.com
New user created: coordinator (coordinator)
Welcome email sent to coordinator@test.com
New user created: other_coordinator (coordinator)
Welcome email sent to other@test.com
New user created: admin (admin)
Welcome email sent to admin@test.com
New user created: coordinator (coordinator)
Welcome email sent to coordinator@test.com
New user created: other_coordinator (coordinator)
Welcome email sent to other@test.com
New user created: admin (admin)
Welcome email sent to admin@test.com
New user created: coordinator (coordinator)
Welcome email sent to coordinator@test.com
New user created: other_coordinator (coordinator)
Welcome email sent to other@test.com
New user created: admin (admin)
Welcome email sent to admin@test.com
New user created: coordinator (coordinator)
Welcome email sent to coordinator@test.com
New user created: other_coordinator (coordinator)
Welcome email sent to other@test.com
New user created: coordinator (coordinator)
Welcome email sent to coordinator@test.com
New user created: admin (admin)
Welcome email sent to admin@test.com
New user created: coordinator (coordinator)
Welcome email sent to coordinator@test.com
New user created: admin (admin)
Welcome email sent to admin@test.com
New user created: coordinator (coordinator)
Welcome email sent to coordinator@test.com
New user created: admin (admin)
Welcome email sent to admin@test.com
New user created: coordinator (coordinator)
Welcome email sent to coordinator@test.com
New user created: admin (admin)
Welcome email sent to admin@test.com
New user created: admin (admin)
Welcome email sent to admin@test.com
New user created: coordinator (coordinator)
Welcome email sent to coordinator@test.com
New user created: admin (admin)
Welcome email sent to admin@test.com
New user created: coordinator (coordinator)
Welcome email sent to coordinator@test.com
New user created: admin (admin)
Welcome email sent to admin@test.com
New user created: coordinator (coordinator)
Welcome email sent to coordinator@test.com
New user created: coordinator (coordinator)
Welcome email sent to coordinator@test.com
New user created: coordinator (coordinator)
Welcome email sent to coordinator@test.com
New user created: coordinator (coordinator)
Welcome email sent to coordinator@test.com
New user created: simple_coord (coordinator)
New user created: simple_coord (coordinator)
New user created: simple_coord (coordinator)
New user created: bulk_coord (coordinator)
New user created: bulk_coord (coordinator)
New user created: simple_coord (coordinator)
New user created: simple_coord (coordinator)
New user created: simple_coord (coordinator)
New user created: coordinator (coordinator)
Welcome email sent to coordinator@test.com
New user created: admin (admin)
Welcome email sent to admin@test.com
Internal Server Error: /api/tickets/bulk_create/
Traceback (most recent call last):
  File "/Users/koded/Desktop/Code/rccg-r63-teens/backend/.venv/lib/python3.11/site-packages/django_redis/cache.py", line 29, in _decorator
    return method(self, *args, **kwargs)
           ^^^^^^^^^^^^^^^^^^^^^^^^^^^^^
  File "/Users/koded/Desktop/Code/rccg-r63-teens/backend/.venv/lib/python3.11/site-packages/django_redis/cache.py", line 99, in _get
    return self.client.get(key, default=default, version=version, client=client)
           ^^^^^^^^^^^^^^^^^^^^^^^^^^^^^^^^^^^^^^^^^^^^^^^^^^^^^^^^^^^^^^^^^^^^^
  File "/Users/koded/Desktop/Code/rccg-r63-teens/backend/.venv/lib/python3.11/site-packages/django_redis/client/default.py", line 260, in get
    raise ConnectionInterrupted(connection=client) from e
django_redis.exceptions.ConnectionInterrupted: Redis ConnectionError: Error 61 connecting to localhost:6379. Connection refused.

During handling of the above exception, another exception occurred:

Traceback (most recent call last):
  File "/Users/koded/Desktop/Code/rccg-r63-teens/backend/.venv/lib/python3.11/site-packages/django/core/handlers/exception.py", line 55, in inner
    response = get_response(request)
               ^^^^^^^^^^^^^^^^^^^^^
  File "/Users/koded/Desktop/Code/rccg-r63-teens/backend/.venv/lib/python3.11/site-packages/django/core/handlers/base.py", line 197, in _get_response
    response = wrapped_callback(request, *callback_args, **callback_kwargs)
               ^^^^^^^^^^^^^^^^^^^^^^^^^^^^^^^^^^^^^^^^^^^^^^^^^^^^^^^^^^^^
  File "/Users/koded/Desktop/Code/rccg-r63-teens/backend/.venv/lib/python3.11/site-packages/django/views/decorators/csrf.py", line 65, in _view_wrapper
    return view_func(request, *args, **kwargs)
           ^^^^^^^^^^^^^^^^^^^^^^^^^^^^^^^^^^^
  File "/Users/koded/Desktop/Code/rccg-r63-teens/backend/.venv/lib/python3.11/site-packages/rest_framework/viewsets.py", line 125, in view
    return self.dispatch(request, *args, **kwargs)
           ^^^^^^^^^^^^^^^^^^^^^^^^^^^^^^^^^^^^^^^
  File "/Users/koded/Desktop/Code/rccg-r63-teens/backend/.venv/lib/python3.11/site-packages/rest_framework/views.py", line 515, in dispatch
    response = self.handle_exception(exc)
               ^^^^^^^^^^^^^^^^^^^^^^^^^^
  File "/Users/koded/Desktop/Code/rccg-r63-teens/backend/.venv/lib/python3.11/site-packages/rest_framework/views.py", line 475, in handle_exception
    self.raise_uncaught_exception(exc)
  File "/Users/koded/Desktop/Code/rccg-r63-teens/backend/.venv/lib/python3.11/site-packages/rest_framework/views.py", line 486, in raise_uncaught_exception
    raise exc
  File "/Users/koded/Desktop/Code/rccg-r63-teens/backend/.venv/lib/python3.11/site-packages/rest_framework/views.py", line 503, in dispatch
    self.initial(request, *args, **kwargs)
  File "/Users/koded/Desktop/Code/rccg-r63-teens/backend/.venv/lib/python3.11/site-packages/rest_framework/views.py", line 422, in initial
    self.check_throttles(request)
  File "/Users/koded/Desktop/Code/rccg-r63-teens/backend/.venv/lib/python3.11/site-packages/rest_framework/views.py", line 365, in check_throttles
    if not throttle.allow_request(request, self):
           ^^^^^^^^^^^^^^^^^^^^^^^^^^^^^^^^^^^^^
  File "/Users/koded/Desktop/Code/rccg-r63-teens/backend/.venv/lib/python3.11/site-packages/rest_framework/throttling.py", line 123, in allow_request
    self.history = self.cache.get(self.key, [])
                   ^^^^^^^^^^^^^^^^^^^^^^^^^^^^
  File "/Users/koded/Desktop/Code/rccg-r63-teens/backend/.venv/lib/python3.11/site-packages/django_redis/cache.py", line 92, in get
    value = self._get(key, default, version, client)
            ^^^^^^^^^^^^^^^^^^^^^^^^^^^^^^^^^^^^^^^^
  File "/Users/koded/Desktop/Code/rccg-r63-teens/backend/.venv/lib/python3.11/site-packages/django_redis/cache.py", line 36, in _decorator
    raise e.__cause__
  File "/Users/koded/Desktop/Code/rccg-r63-teens/backend/.venv/lib/python3.11/site-packages/django_redis/client/default.py", line 258, in get
    value = client.get(key)
            ^^^^^^^^^^^^^^^
  File "/Users/koded/Desktop/Code/rccg-r63-teens/backend/.venv/lib/python3.11/site-packages/redis/commands/core.py", line 1830, in get
    return self.execute_command("GET", name)
           ^^^^^^^^^^^^^^^^^^^^^^^^^^^^^^^^^
  File "/Users/koded/Desktop/Code/rccg-r63-teens/backend/.venv/lib/python3.11/site-packages/redis/client.py", line 542, in execute_command
    conn = self.connection or pool.get_connection(command_name, **options)
                              ^^^^^^^^^^^^^^^^^^^^^^^^^^^^^^^^^^^^^^^^^^^^
  File "/Users/koded/Desktop/Code/rccg-r63-teens/backend/.venv/lib/python3.11/site-packages/redis/connection.py", line 1109, in get_connection
    connection.connect()
  File "/Users/koded/Desktop/Code/rccg-r63-teens/backend/.venv/lib/python3.11/site-packages/redis/connection.py", line 282, in connect
    raise ConnectionError(self._error_message(e))
redis.exceptions.ConnectionError: Error 61 connecting to localhost:6379. Connection refused.
New user created: bulk_coord (coordinator)
New user created: simple_coord (coordinator)
New user created: simple_coord (coordinator)
New user created: simple_coord (coordinator)
New user created: coordinator (coordinator)
Welcome email sent to coordinator@test.com
New user created: admin (admin)
Welcome email sent to admin@test.com
Forbidden: /api/tickets/bulk_create/
New user created: coordinator (coordinator)
Welcome email sent to coordinator@test.com
New user created: admin (admin)
Welcome email sent to admin@test.com
Bad Request: /api/tickets/bulk_create/
New user created: coordinator (coordinator)
Welcome email sent to coordinator@test.com
New user created: admin (admin)
Welcome email sent to admin@test.com
Bad Request: /api/tickets/bulk_create/
New user created: coordinator (coordinator)
Welcome email sent to coordinator@test.com
New user created: admin (admin)
Welcome email sent to admin@test.com
New user created: coordinator (coordinator)
Welcome email sent to coordinator@test.com
New user created: coordinator (coordinator)
Welcome email sent to coordinator@test.com
New user created: coordinator (coordinator)
Welcome email sent to coordinator@test.com
New user created: admin (admin)
Welcome email sent to admin@test.com
New user created: coordinator (coordinator)
Welcome email sent to coordinator@test.com
New user created: admin (admin)
Welcome email sent to admin@test.com
New user created: coordinator (coordinator)
Welcome email sent to coordinator@test.com
New user created: admin (admin)
Welcome email sent to admin@test.com
New user created: coordinator (coordinator)
Welcome email sent to coordinator@test.com
Unauthorized: /api/dashboard/
New user created: admin (admin)
Welcome email sent to admin@test.com
New user created: coordinator (coordinator)
Welcome email sent to coordinator@test.com
New user created: admin (admin)
Welcome email sent to admin@test.com
New user created: coordinator (coordinator)
Welcome email sent to coordinator@test.com
New user created: coordinator (coordinator)
Welcome email sent to coordinator@test.com
New user created: coordinator (coordinator)
Welcome email sent to coordinator@test.com
New user created: coordinator (coordinator)
Welcome email sent to coordinator@test.com
New user created: admin (admin)
Welcome email sent to admin@test.com
New user created: coordinator (coordinator)
Welcome email sent to coordinator@test.com
New user created: other_coordinator (coordinator)
Welcome email sent to other@test.com
New user created: admin (admin)
Welcome email sent to admin@test.com
New user created: coordinator (coordinator)
Welcome email sent to coordinator@test.com
New user created: other_coordinator (coordinator)
Welcome email sent to other@test.com
Bad Request: /api/tickets/
New user created: admin (admin)
Welcome email sent to admin@test.com
New user created: coordinator (coordinator)
Welcome email sent to coordinator@test.com
New user created: other_coordinator (coordinator)
Welcome email sent to other@test.com
New user created: admin (admin)
Welcome email sent to admin@test.com
New user created: coordinator (coordinator)
Welcome email sent to coordinator@test.com
New user created: other_coordinator (coordinator)
Welcome email sent to other@test.com
New user created: admin (admin)
Welcome email sent to admin@test.com
New user created: coordinator (coordinator)
Welcome email sent to coordinator@test.com
New user created: other_coordinator (coordinator)
Welcome email sent to other@test.com
New user created: admin (admin)
Welcome email sent to admin@test.com
New user created: coordinator (coordinator)
Welcome email sent to coordinator@test.com
New user created: other_coordinator (coordinator)
Welcome email sent to other@test.com
Not Found: /api/tickets/2/
New user created: admin (admin)
Welcome email sent to admin@test.com
New user created: coordinator (coordinator)
Welcome email sent to coordinator@test.com
New user created: other_coordinator (coordinator)
Welcome email sent to other@test.com
New user created: admin (admin)
Welcome email sent to admin@test.com
New user created: coordinator (coordinator)
Welcome email sent to coordinator@test.com
New user created: other_coordinator (coordinator)
Welcome email sent to other@test.com
New user created: admin (admin)
Welcome email sent to admin@test.com
New user created: coordinator (coordinator)
Welcome email sent to coordinator@test.com
New user created: other_coordinator (coordinator)
Welcome email sent to other@test.com
New user created: admin (admin)
Welcome email sent to admin@test.com
New user created: coordinator (coordinator)
Welcome email sent to coordinator@test.com
New user created: other_coordinator (coordinator)
Welcome email sent to other@test.com
Not Found: /api/tickets/2/update_status/
New user created: admin (admin)
Welcome email sent to admin@test.com
New user created: coordinator (coordinator)
Welcome email sent to coordinator@test.com
New user created: other_coordinator (coordinator)
Welcome email sent to other@test.com
New user created: admin (admin)
Welcome email sent to admin@test.com
New user created: coordinator (coordinator)
Welcome email sent to coordinator@test.com
New user created: other_coordinator (coordinator)
Welcome email sent to other@test.com
New user created: admin (admin)
Welcome email sent to admin@test.com
New user created: coordinator (coordinator)
Welcome email sent to coordinator@test.com
New user created: admin (admin)
Welcome email sent to admin@test.com
New user created: coordinator (coordinator)
Welcome email sent to coordinator@test.com
New user created: admin (admin)
Welcome email sent to admin@test.com
New user created: coordinator (coordinator)
Welcome email sent to coordinator@test.com
New user created: admin (admin)
Welcome email sent to admin@test.com
New user created: coordinator (coordinator)
Welcome email sent to coordinator@test.com
New user created: admin (admin)
Welcome email sent to admin@test.com
New user created: coordinator (coordinator)
Welcome email sent to coordinator@test.com
New user created: admin (admin)
Welcome email sent to admin@test.com
New user created: coordinator (coordinator)
Welcome email sent to coordinator@test.com
New user created: coordinator (coordinator)
Welcome email sent to coordinator@test.com
New user created: admin (admin)
Welcome email sent to admin@test.com
New user created: coordinator (coordinator)
Welcome email sent to coordinator@test.com
New user created: admin (admin)
Welcome email sent to admin@test.com
New user created: coordinator (coordinator)
Welcome email sent to coordinator@test.com
New user created: admin (admin)
Welcome email sent to admin@test.com
New user created: bulk_coord (coordinator)
New user created: simple_coord (coordinator)
New user created: simple_coord (coordinator)
New user created: simple_coord (coordinator)
New user created: bulk_coord (coordinator)
New user created: simple_coord (coordinator)
New user created: simple_coord (coordinator)
New user created: simple_coord (coordinator)
New user created: coordinator (coordinator)
Welcome email sent to coordinator@test.com
New user created: admin (admin)
Welcome email sent to admin@test.com
Forbidden: /api/tickets/bulk_create/
New user created: coordinator (coordinator)
Welcome email sent to coordinator@test.com
New user created: admin (admin)
Welcome email sent to admin@test.com
New user created: coordinator (coordinator)
Welcome email sent to coordinator@test.com
New user created: admin (admin)
Welcome email sent to admin@test.com
Bad Request: /api/tickets/bulk_create/
New user created: coordinator (coordinator)
Welcome email sent to coordinator@test.com
New user created: admin (admin)
Welcome email sent to admin@test.com
New user created: coordinator (coordinator)
Welcome email sent to coordinator@test.com
New user created: coordinator (coordinator)
Welcome email sent to coordinator@test.com
New user created: coordinator (coordinator)
Welcome email sent to coordinator@test.com
New user created: admin (admin)
Welcome email sent to admin@test.com
New user created: coordinator (coordinator)
Welcome email sent to coordinator@test.com
New user created: admin (admin)
Welcome email sent to admin@test.com
New user created: coordinator (coordinator)
Welcome email sent to coordinator@test.com
New user created: admin (admin)
Welcome email sent to admin@test.com
New user created: coordinator (coordinator)
Welcome email sent to coordinator@test.com
Unauthorized: /api/dashboard/
New user created: admin (admin)
Welcome email sent to admin@test.com
New user created: coordinator (coordinator)
Welcome email sent to coordinator@test.com
New user created: admin (admin)
Welcome email sent to admin@test.com
New user created: coordinator (coordinator)
Welcome email sent to coordinator@test.com
New user created: coordinator (coordinator)
Welcome email sent to coordinator@test.com
New user created: coordinator (coordinator)
Welcome email sent to coordinator@test.com
New user created: coordinator (coordinator)
Welcome email sent to coordinator@test.com
New user created: admin (admin)
Welcome email sent to admin@test.com
New user created: coordinator (coordinator)
Welcome email sent to coordinator@test.com
New user created: other_coordinator (coordinator)
Welcome email sent to other@test.com
New user created: admin (admin)
Welcome email sent to admin@test.com
New user created: coordinator (coordinator)
Welcome email sent to coordinator@test.com
New user created: other_coordinator (coordinator)
Welcome email sent to other@test.com
Bad Request: /api/tickets/
New user created: admin (admin)
Welcome email sent to admin@test.com
New user created: coordinator (coordinator)
Welcome email sent to coordinator@test.com
New user created: other_coordinator (coordinator)
Welcome email sent to other@test.com
New user created: admin (admin)
Welcome email sent to admin@test.com
New user created: coordinator (coordinator)
Welcome email sent to coordinator@test.com
New user created: other_coordinator (coordinator)
Welcome email sent to other@test.com
New user created: admin (admin)
Welcome email sent to admin@test.com
New user created: coordinator (coordinator)
Welcome email sent to coordinator@test.com
New user created: other_coordinator (coordinator)
Welcome email sent to other@test.com
New user created: admin (admin)
Welcome email sent to admin@test.com
New user created: coordinator (coordinator)
Welcome email sent to coordinator@test.com
New user created: other_coordinator (coordinator)
Welcome email sent to other@test.com
Not Found: /api/tickets/2/
New user created: admin (admin)
Welcome email sent to admin@test.com
New user created: coordinator (coordinator)
Welcome email sent to coordinator@test.com
New user created: other_coordinator (coordinator)
Welcome email sent to other@test.com
New user created: admin (admin)
Welcome email sent to admin@test.com
New user created: coordinator (coordinator)
Welcome email sent to coordinator@test.com
New user created: other_coordinator (coordinator)
Welcome email sent to other@test.com
New user created: admin (admin)
Welcome email sent to admin@test.com
New user created: coordinator (coordinator)
Welcome email sent to coordinator@test.com
New user created: other_coordinator (coordinator)
Welcome email sent to other@test.com
New user created: admin (admin)
Welcome email sent to admin@test.com
New user created: coordinator (coordinator)
Welcome email sent to coordinator@test.com
New user created: other_coordinator (coordinator)
Welcome email sent to other@test.com
Not Found: /api/tickets/2/update_status/
New user created: admin (admin)
Welcome email sent to admin@test.com
New user created: coordinator (coordinator)
Welcome email sent to coordinator@test.com
New user created: other_coordinator (coordinator)
Welcome email sent to other@test.com
New user created: admin (admin)
Welcome email sent to admin@test.com
New user created: coordinator (coordinator)
Welcome email sent to coordinator@test.com
New user created: other_coordinator (coordinator)
Welcome email sent to other@test.com
New user created: admin (admin)
Welcome email sent to admin@test.com
New user created: coordinator (coordinator)
Welcome email sent to coordinator@test.com
New user created: admin (admin)
Welcome email sent to admin@test.com
New user created: coordinator (coordinator)
Welcome email sent to coordinator@test.com
New user created: admin (admin)
Welcome email sent to admin@test.com
New user created: coordinator (coordinator)
Welcome email sent to coordinator@test.com
New user created: admin (admin)
Welcome email sent to admin@test.com
New user created: coordinator (coordinator)
Welcome email sent to coordinator@test.com
New user created: admin (admin)
Welcome email sent to admin@test.com
New user created: coordinator (coordinator)
Welcome email sent to coordinator@test.com
New user created: admin (admin)
Welcome email sent to admin@test.com
New user created: coordinator (coordinator)
Welcome email sent to coordinator@test.com
New user created: coordinator (coordinator)
Welcome email sent to coordinator@test.com
New user created: admin (admin)
Welcome email sent to admin@test.com
New user created: coordinator (coordinator)
Welcome email sent to coordinator@test.com
New user created: admin (admin)
Welcome email sent to admin@test.com
New user created: coordinator (coordinator)
Welcome email sent to coordinator@test.com
New user created: admin (admin)
Welcome email sent to admin@test.com
New user created: coordinator (coordinator)
New user created: admin (admin)
New user created: coordinator (coordinator)
New user created: admin (admin)
New user created: coordinator (coordinator)
New user created: admin (admin)
New user created: coordinator (coordinator)
New user created: admin (admin)
